number,value,datetime_start,datetime_complete,duration,params_d_model,params_dim_feedforward,params_dropout,params_encoder_dropout,params_lr,params_nhead,params_num_decoder_layers,params_weight_decay,state
0,3.127858804289702,2026-05-03 12:01:13.532033,2026-05-03 12:17:30.573345,0 days 00:16:17.041312,512,2048,0.11536581300071977,0.130586465525679,5.827173767474682e-05,8,2,6.479163653496572e-06,COMPLETE
1,3.4205140733415154,2026-05-03 12:17:30.587467,2026-05-03 12:35:30.460133,0 days 00:17:59.872666,384,4096,0.21755392624316364,0.2705090834131852,0.0004135313431675186,4,6,1.0805657712521033e-07,COMPLETE
2,5.030531290989773,2026-05-03 12:35:30.471904,2026-05-03 12:52:42.854188,0 days 00:17:12.382284,384,2048,0.32032281650278627,0.12346949327451255,0.003023184511240711,8,6,3.574818674329505e-07,COMPLETE
3,3.1141078320278486,2026-05-03 12:52:42.869508,2026-05-03 13:11:45.412601,0 days 00:19:02.543093,768,4096,0.3687710815788239,0.1845582868424107,0.00022515902947668848,4,4,7.478247915067003e-05,COMPLETE
4,3.1598151109780477,2026-05-03 13:11:45.421882,2026-05-03 13:27:45.751762,0 days 00:16:00.329880,256,4096,0.2943817295959627,0.15360974332344832,0.00019293028704683905,8,2,1.0781536241353862e-06,COMPLETE
5,3.0737244369118075,2026-05-03 13:27:45.759690,2026-05-03 13:46:15.350133,0 days 00:18:29.590443,768,2048,0.19065245747662982,0.2715983769829487,7.891036352850225e-05,8,4,7.974558445982596e-07,COMPLETE
6,5.209114663919825,2026-05-03 13:46:15.360337,2026-05-03 13:58:15.695690,0 days 00:12:00.335353,384,4096,0.12000292714202107,0.10415699651567792,0.004459941570072178,16,4,8.198245733742613e-07,PRUNED
7,3.9150527252513134,2026-05-03 13:58:15.701615,2026-05-03 14:14:41.284731,0 days 00:16:25.583116,256,1024,0.431251536373461,0.26672835776360465,2.4458661430327395e-05,16,4,1.8798019126948725e-05,COMPLETE
8,3.111296403180262,2026-05-03 14:14:41.302219,2026-05-03 14:30:36.300875,0 days 00:15:54.998656,256,2048,0.07614088651305685,0.23877019155852333,0.00017301031006363845,16,2,8.982941902503209e-07,COMPLETE
9,3.447313199377364,2026-05-03 14:30:36.308958,2026-05-03 14:47:28.590821,0 days 00:16:52.281863,256,2048,0.47923469109552297,0.11552069214181267,0.0005400316399192085,16,6,5.808124748520911e-05,COMPLETE
10,3.602539240174992,2026-05-03 14:47:28.599641,2026-05-03 15:05:06.304369,0 days 00:17:37.704728,768,1024,0.20229239445954897,0.2936841549745063,1.0535635683495454e-05,8,4,5.5011628290570245e-06,COMPLETE
11,3.1850222706035445,2026-05-03 15:05:06.318132,2026-05-03 15:21:58.040607,0 days 00:16:51.722475,768,2048,0.05077247090608711,0.2389677824314726,7.857920945122036e-05,16,2,0.0009804665207273225,COMPLETE
12,3.1417636856151994,2026-05-03 15:21:58.048381,2026-05-03 17:10:31.762630,0 days 01:48:33.714249,512,2048,0.1726434470256331,0.22301777063776196,6.079104985632521e-05,16,2,1.5608257471457562e-06,COMPLETE
13,3.9716546672165016,2026-05-03 17:10:31.772546,2026-05-03 19:55:41.953981,0 days 02:45:10.181435,768,2048,0.05789926696093481,0.22086402771834734,0.0008682064399047257,8,2,1.3541098176531884e-07,COMPLETE
14,3.1390360358414378,2026-05-03 19:55:41.973474,2026-05-03 20:13:18.343965,0 days 00:17:36.370491,256,2048,0.13182330931134364,0.29918818776758654,0.00011739376611967643,4,4,2.6000847547846243e-06,COMPLETE
15,3.2258464986351645,2026-05-03 20:13:18.354331,2026-05-03 20:32:10.157224,0 days 00:18:51.802893,768,2048,0.2243315310395823,0.2550797192634041,2.6964851147786923e-05,8,4,3.829076862088615e-07,COMPLETE
16,3.322831940499081,2026-05-03 20:32:10.165559,2026-05-03 20:44:15.457931,0 days 00:12:05.292372,256,1024,0.25501403126343175,0.18790167433944382,0.0015435922445842251,16,2,3.4830920936476554e-07,PRUNED
17,3.062472934176208,2026-05-03 20:44:15.471557,2026-05-03 21:01:23.611808,0 days 00:17:08.140251,512,2048,0.14788982604778553,0.21383796318513273,0.0002315224877257009,16,4,1.7302692242163007e-05,COMPLETE
18,3.2628095954846423,2026-05-03 21:01:23.624668,2026-05-03 21:18:32.179832,0 days 00:17:08.555164,512,2048,0.16864408097350472,0.16832213172104887,3.1878530883624776e-05,8,4,2.430475158265928e-05,COMPLETE
19,3.1340677844490976,2026-05-03 21:18:32.189007,2026-05-03 21:35:52.989740,0 days 00:17:20.800733,512,1024,0.3666127973952308,0.20793455481929576,0.0003419099683187874,4,4,0.0004996143715442553,COMPLETE
20,3.3142407821242217,2026-05-03 21:35:53.000942,2026-05-03 21:52:55.496181,0 days 00:17:02.495239,512,2048,0.264315486451336,0.277210433601998,0.0009543645375930306,16,4,0.0001779314005581519,COMPLETE
21,3.0573946245157035,2026-05-03 21:52:55.508037,2026-05-03 22:09:58.520927,0 days 00:17:03.012890,512,2048,0.08515825676555157,0.24120737898854971,0.00014302881822102374,16,4,3.02155218448725e-06,COMPLETE
22,3.0700040820297922,2026-05-03 22:09:58.530861,2026-05-04 01:54:31.926614,0 days 03:44:33.395753,512,2048,0.15806237165918907,0.245697700734546,0.00011035551242014218,16,4,4.103383205601814e-06,COMPLETE
23,3.0644820571705034,2026-05-04 01:54:31.936235,2026-05-04 04:50:50.183190,0 days 02:56:18.246955,512,2048,0.09542985614000798,0.2487087790899726,0.00012380638664897045,16,4,3.3543661028341293e-06,COMPLETE
24,3.06249306763813,2026-05-04 04:50:50.191446,2026-05-04 09:20:32.435061,0 days 04:29:42.243615,512,2048,0.0986132933445307,0.21856722269615947,0.00026896701025137907,16,4,9.738762524764814e-06,COMPLETE
